{
  "RSpec": {
    "coverage": {
      "/home/neilmarion/ROR/projects/overheard/app/models/user.rb": [
        1,
        null,
        null,
        null,
        1,
        null,
        null,
        null,
        1,
        1,
        null,
        1,
        null,
        0,
        null,
        null,
        1,
        0,
        0,
        0,
        0,
        0,
        0,
        0,
        0,
        0,
        0,
        0,
        0,
        0,
        0,
        0,
        0,
        null,
        null,
        null,
        null,
        null,
        null,
        null,
        null,
        1,
        0,
        0,
        0,
        0,
        null,
        null,
        0,
        null,
        null,
        null
      ],
      "/home/neilmarion/ROR/projects/overheard/app/controllers/application_controller.rb": [
        1,
        1,
        null
      ],
      "/home/neilmarion/ROR/projects/overheard/app/helpers/application_helper.rb": [
        1,
        null
      ],
      "/home/neilmarion/ROR/projects/overheard/app/controllers/posts_controller.rb": [
        1,
        1,
        1,
        null,
        null
      ],
      "/home/neilmarion/ROR/projects/overheard/app/models/post.rb": [
        1,
        1,
        null,
        1,
        null
      ],
      "/home/neilmarion/ROR/projects/overheard/app/controllers/users/omniauth_callbacks_controller.rb": [
        1,
        null,
        1,
        0,
        null,
        0,
        0,
        0,
        null,
        0,
        0,
        null,
        null,
        null,
        1,
        null,
        null
      ],
      "/home/neilmarion/ROR/projects/overheard/app/controllers/users/sessions_controller.rb": [
        1,
        null,
        1,
        null,
        null,
        null
      ]
    },
    "timestamp": 1369307103
  }
}
